    _
   /_| _ '
  (  |/ /(//) v2.2.7
      _/

[*] Scanning 0/1: http://127.0.0.1:18080/api/search
[*] Probing the target for stability
[*] Analysing HTTP response for anomalies
[+] Extracted 6 parameters from response for testing
[*] Logicforcing the URL endpoint
[!] Processing chunks: 1/3
[!] Processing chunks: 2/3
[!] Processing chunks: 3/3
[!] Processing chunks: 1/2
[!] Processing chunks: 2/2
[!] Processing chunks: 1/2
[!] Processing chunks: 2/2
[!] Processing chunks: 1/2
[!] Processing chunks: 2/2
[!] Processing chunks: 1/1
[✓] parameter detected: q, based on: param value reflection
[+] Parameters found: q

